C:\Users\elec-jack\Desktop\15-1101_XY單軸吸取式鎖螺絲機(二軸定位控制)\電路圖\15-1101E-01.dwg,模型,2015/11/30 下午 02:29:27,elec-jack,FX PCL6 B/W Class Driver,A4,1:1.01949,
C:\Users\elec-jack\Desktop\15-1101_XY單軸吸取式鎖螺絲機(二軸定位控制)\電路圖\15-1101E-02.dwg,模型,2015/11/30 下午 02:29:33,elec-jack,FX PCL6 B/W Class Driver,A4,1:1.01949,
C:\Users\elec-jack\Desktop\15-1101_XY單軸吸取式鎖螺絲機(二軸定位控制)\電路圖\15-1101E-03.dwg,模型,2015/11/30 下午 02:29:39,elec-jack,FX PCL6 B/W Class Driver,A4,1:1.0195,
C:\Users\elec-jack\Desktop\15-1101_XY單軸吸取式鎖螺絲機(二軸定位控制)\電路圖\15-1101E-04.dwg,模型,2015/11/30 下午 02:29:43,elec-jack,FX PCL6 B/W Class Driver,A4,1:1.0195,
C:\Users\elec-jack\Desktop\15-1101_XY單軸吸取式鎖螺絲機(二軸定位控制)\電路圖\15-1101E-05.dwg,模型,2015/11/30 下午 02:29:48,elec-jack,FX PCL6 B/W Class Driver,A4,1:1.0195,
C:\Users\elec-jack\Desktop\15-1101_XY單軸吸取式鎖螺絲機(二軸定位控制)\電路圖\15-1101E-06.dwg,模型,2015/11/30 下午 02:29:52,elec-jack,FX PCL6 B/W Class Driver,A4,1:1.01963,
C:\Users\elec-jack\Desktop\15-1101_XY單軸吸取式鎖螺絲機(二軸定位控制)\電路圖\15-1101E-07.dwg,模型,2015/11/30 下午 02:29:57,elec-jack,FX PCL6 B/W Class Driver,A4,1:1.01949,
C:\Users\elec-jack\Desktop\15-1101_XY單軸吸取式鎖螺絲機(二軸定位控制)\電路圖\15-1101E-08.dwg,模型,2015/11/30 下午 02:30:02,elec-jack,FX PCL6 B/W Class Driver,A4,1:1.01949,
C:\Users\elec-jack\Desktop\15-1101_XY單軸吸取式鎖螺絲機(二軸定位控制)\電路圖\15-1101E-09.dwg,模型,2015/11/30 下午 02:30:07,elec-jack,FX PCL6 B/W Class Driver,A4,1:1.01949,
C:\Users\USER\Desktop\16-103角閥氣密測試機\電路圖\16-103E-10.dwg,模型,2016/3/24 下午 01:25:07,USER,FUJI XEROX DocuPrint M355 df,A4,1:1.01949,
C:\Users\USER\Desktop\16-103角閥氣密測試機\電路圖\16-103E-09.dwg,模型,2016/3/24 下午 01:25:22,USER,FUJI XEROX DocuPrint M355 df,A4,1:1.01949,
C:\Users\USER\Desktop\16-103角閥氣密測試機\電路圖\16-103E-08.dwg,模型,2016/3/24 下午 01:25:38,USER,FUJI XEROX DocuPrint M355 df,A4,1:1.01963,
C:\Users\USER\Desktop\16-103角閥氣密測試機\電路圖\16-103E-07.dwg,模型,2016/3/24 下午 01:25:54,USER,FUJI XEROX DocuPrint M355 df,A4,1:1.0195,
C:\Users\USER\Desktop\16-103角閥氣密測試機\電路圖\16-103E-06.dwg,模型,2016/3/24 下午 01:26:07,USER,FUJI XEROX DocuPrint M355 df,A4,1:1.0195,
C:\Users\USER\Desktop\16-103角閥氣密測試機\電路圖\16-103E-05.dwg,模型,2016/3/24 下午 01:26:15,USER,FUJI XEROX DocuPrint M355 df,A4,1:1.0195,
C:\Users\USER\Desktop\16-103角閥氣密測試機\電路圖\16-103E-04.dwg,模型,2016/3/24 下午 01:26:25,USER,FUJI XEROX DocuPrint M355 df,A4,1:1.0195,
C:\Users\USER\Desktop\16-103角閥氣密測試機\電路圖\16-103E-03.dwg,模型,2016/3/24 下午 01:26:35,USER,FUJI XEROX DocuPrint M355 df,A4,1:1.0195,
C:\Users\USER\Desktop\16-103角閥氣密測試機\電路圖\16-103E-02.dwg,模型,2016/3/24 下午 01:26:43,USER,FUJI XEROX DocuPrint M355 df,A4,1:1.01949,
C:\Users\USER\Desktop\16-103角閥氣密測試機\電路圖\16-103E-01.dwg,模型,2016/3/24 下午 01:26:51,USER,FUJI XEROX DocuPrint M355 df,A4,1:1.01949,
C:\Users\USER\Desktop\16-103角閥氣密測試機\電路圖\16-103E-02.dwg,模型,2016/3/24 下午 01:30:34,USER,FUJI XEROX DocuPrint M355 df,A4,1:1.01949,
C:\Users\USER\Desktop\16-103角閥氣密測試機\電路圖\16-103E-08.dwg,模型,2016/3/29 上午 09:15:10,USER,FUJI XEROX DocuPrint M355 df,A4,1:1.01966,
C:\Users\user\Desktop\19-807_角閥氣密測試機\電路圖\19-807E-10.dwg,模型,2019/10/1 上午 10:46:50,user,DocuCentre-IV 2060,A4,1:1.01147,
C:\Users\user\Desktop\19-807_角閥氣密測試機\電路圖\19-807E-09.dwg,模型,2019/10/1 上午 10:47:17,user,DocuCentre-IV 2060,A4,1:1.01147,
C:\Users\user\Desktop\19-807_角閥氣密測試機\電路圖\19-807E-08.dwg,模型,2019/10/1 上午 10:47:36,user,DocuCentre-IV 2060,A4,1:1.01164,
C:\Users\user\Desktop\19-807_角閥氣密測試機\電路圖\19-807E-02.dwg,模型,2019/10/1 上午 10:53:52,user,AutoCAD PDF (General Documentation).pc3,ISO full bleed A4 (210.00 x 297.00 公釐),1:0.971375,
C:\Users\user\Desktop\19-807_角閥氣密測試機\電路圖\19-807E-03.dwg,模型,2019/10/1 上午 10:54:55,user,AutoCAD PDF (General Documentation).pc3,ISO full bleed A4 (210.00 x 297.00 公釐),1:0.971385,
C:\Users\user\Desktop\19-807_角閥氣密測試機\電路圖\19-807E-04.dwg,模型,2019/10/1 上午 10:55:10,user,AutoCAD PDF (General Documentation).pc3,ISO full bleed A4 (210.00 x 297.00 公釐),1:0.971385,
C:\Users\user\Desktop\19-807_角閥氣密測試機\電路圖\19-807E-05.dwg,模型,2019/10/1 上午 10:55:23,user,AutoCAD PDF (General Documentation).pc3,ISO full bleed A4 (210.00 x 297.00 公釐),1:0.971385,
C:\Users\user\Desktop\19-807_角閥氣密測試機\電路圖\19-807E-06.dwg,模型,2019/10/1 上午 10:55:37,user,AutoCAD PDF (General Documentation).pc3,ISO full bleed A4 (210.00 x 297.00 公釐),1:0.971385,
C:\Users\user\Desktop\19-807_角閥氣密測試機\電路圖\19-807E-07.dwg,模型,2019/10/1 上午 10:55:50,user,AutoCAD PDF (General Documentation).pc3,ISO full bleed A4 (210.00 x 297.00 公釐),1:0.971385,
C:\Users\user\Desktop\19-807_角閥氣密測試機\電路圖\19-807E-08.dwg,模型,2019/10/1 上午 10:56:06,user,AutoCAD PDF (General Documentation).pc3,ISO full bleed A4 (210.00 x 297.00 公釐),1:0.971509,
C:\Users\user\Desktop\19-807_角閥氣密測試機\電路圖\19-807E-09.dwg,模型,2019/10/1 上午 10:56:24,user,AutoCAD PDF (General Documentation).pc3,ISO full bleed A4 (210.00 x 297.00 公釐),1:0.971375,
C:\Users\user\Desktop\19-807_角閥氣密測試機\電路圖\19-807E-10.dwg,模型,2019/10/1 上午 10:56:44,user,AutoCAD PDF (General Documentation).pc3,ISO full bleed A4 (210.00 x 297.00 公釐),1:0.971375,
C:\Users\user\Desktop\19-807_角閥氣密測試機\電路圖\19-807E-01.dwg,模型,2019/10/1 上午 10:56:59,user,AutoCAD PDF (General Documentation).pc3,ISO full bleed A4 (210.00 x 297.00 公釐),1:0.971375,
